2025-02-19 17:51:33.769358 - https://mubassim-khan.netlify.app - Status: 200
2025-02-19 17:53:17.142006 - https://mubassim-khan.netlify.app - Status: 200
2025-02-19 17:53:28.042378 - https://mubassim-khan.netlify.app - Status: 200
2025-02-19 17:53:36.809079 - https://mubassim-khan.netlify.app - Status: 200
2025-02-19 17:54:37.345958 - https://mubassim-khan.netlify.app - Status: 200
2025-02-19 17:55:37.935612 - https://mubassim-khan.netlify.app - Status: 200
2025-02-19 17:56:38.473371 - https://mubassim-khan.netlify.app - Status: 200
2025-02-19 17:57:38.698231 - https://mubassim-khan.netlify.app - Status: 200
2025-02-19 17:58:38.868186 - https://mubassim-khan.netlify.app - Status: 200
2025-02-19 17:59:39.093439 - https://mubassim-khan.netlify.app - Status: 200
2025-02-19 18:00:39.637538 - https://mubassim-khan.netlify.app - Status: 200
2025-02-19 18:01:39.860494 - https://mubassim-khan.netlify.app - Status: 200
2025-02-19 18:02:40.821121 - https://mubassim-khan.netlify.app - Status: 200
2025-02-19 18:03:41.421564 - https://mubassim-khan.netlify.app - Status: 200
2025-02-19 18:04:41.642394 - https://mubassim-khan.netlify.app - Status: 200
2025-02-19 18:05:41.863134 - https://mubassim-khan.netlify.app - Status: 200
2025-02-19 18:06:42.032723 - https://mubassim-khan.netlify.app - Status: 200
2025-02-19 18:07:42.201764 - https://mubassim-khan.netlify.app - Status: 200
2025-02-19 18:08:42.437989 - https://mubassim-khan.netlify.app - Status: 200
2025-02-19 18:09:42.607831 - https://mubassim-khan.netlify.app - Status: 200
2025-02-19 18:10:42.833051 - https://mubassim-khan.netlify.app - Status: 200
2025-02-19 18:12:38.128436 - https://mubassim-khan.netlify.app - Status: 200
2025-02-19 18:13:10.896445 - https://mubassim-khan.netlify.app - Status: 200
2025-02-19 18:15:59.407791 - https://mubassim-khan.netlify.app - Status: 200
2025-02-19 18:21:01.277305 - https://mubassim-khan.netlify.app - Status: 200
2025-02-19 18:26:02.627117 - https://mubassim-khan.netlify.app - Status: 200
2025-02-19 18:31:04.818399 - https://mubassim-khan.netlify.app - Status: 200
19:11 - URL: https://mubassim-khan.netlify.app - Status: 200
19:11 - URL: https://mubassim.vercel.app - Status: 200
19:11 - URL: https://grp-2.netlify.app/ - Status: 200
19:11 - URL: https://quizmaster-ai.streamlit.app/ - Status: 200
19:11 - URL: https://m-travel-journal.netlify.app/ - Status: 200
19:11 - URL: https://m-carhub.vercel.app/ - Status: 200
19:11 - URL: https://simulator-g15.streamlit.app/ - Status: 200
19:11 - URL: https://m-airbnb-experiences.netlify.app/ - Status: 404
19:11 - https://imaginify-ai-eight.vercel.app - ERROR: HTTPSConnectionPool(host='imaginify-ai-eight.vercel.app', port=443): Read timed out. (read timeout=5)
19:11 - https://spotify-clone-gt.vercel.app/ - ERROR: HTTPSConnectionPool(host='spotify-clone-gt.vercel.app', port=443): Read timed out. (read timeout=5)
19:11 - URL: https://m-business-card.netlify.app/ - Status: 200
19:11 - URL: https://react-redux-toolkit-opal.vercel.app - Status: 200
19:11 - URL: https://m-meme-generator.netlify.app/ - Status: 200
19:11 - URL: https://netfflix-clone.netlify.app/ - Status: 200
19:11 - URL: https://m-dotcom.netlify.app/ - Status: 200
19:11 - URL: https://m-iphone-calculator.netlify.app/ - Status: 200
19-02-2025 19:13 - URL: https://mubassim-khan.netlify.app - Status: 200
19-02-2025 19:13 - URL: https://mubassim.vercel.app - Status: 200
19-02-2025 19:13 - URL: https://grp-2.netlify.app/ - Status: 200
19-02-2025 19:13 - URL: https://quizmaster-ai.streamlit.app/ - Status: 200
19-02-2025 19:13 - URL: https://m-travel-journal.netlify.app/ - Status: 200
19-02-2025 19:13 - URL: https://m-carhub.vercel.app/ - Status: 200
19-02-2025 19:13 - URL: https://simulator-g15.streamlit.app/ - Status: 200
19-02-2025 19:13 - URL: https://m-airbnb-experiences.netlify.app/ - Status: 404
19-02-2025 19:13 - URL: https://imaginify-ai-eight.vercel.app - Status: 200
19-02-2025 19:13 - URL: https://spotify-clone-gt.vercel.app/ - Status: 200
19-02-2025 19:13 - URL: https://m-business-card.netlify.app/ - Status: 200
19-02-2025 19:13 - URL: https://react-redux-toolkit-opal.vercel.app - Status: 200
19-02-2025 19:13 - URL: https://m-meme-generator.netlify.app/ - Status: 200
19-02-2025 19:13 - URL: https://netfflix-clone.netlify.app/ - Status: 200
19-02-2025 19:13 - URL: https://m-dotcom.netlify.app/ - Status: 200
19-02-2025 19:13 - URL: https://m-iphone-calculator.netlify.app/ - Status: 200
19-02-2025 19:15 - URL: https://mubassim-khan.netlify.app - Status: 200
19-02-2025 19:15 - URL: https://mubassim.vercel.app - Status: 200
19-02-2025 19:15 - URL: https://grp-2.netlify.app/ - Status: 200
19-02-2025 19:15 - URL: https://quizmaster-ai.streamlit.app/ - Status: 200
19-02-2025 19:15 - URL: https://m-travel-journal.netlify.app/ - Status: 200
19-02-2025 19:15 - URL: https://m-carhub.vercel.app/ - Status: 200
19-02-2025 19:15 - URL: https://simulator-g15.streamlit.app/ - Status: 200
19-02-2025 19:15 - URL: https://m-airbnb-experiences.netlify.app/ - Status: 404
19-02-2025 19:15 - URL: https://imaginify-ai-eight.vercel.app - Status: 200
19-02-2025 19:15 - URL: https://spotify-clone-gt.vercel.app/ - Status: 200
19-02-2025 19:15 - URL: https://m-business-card.netlify.app/ - Status: 200
19-02-2025 19:15 - URL: https://react-redux-toolkit-opal.vercel.app - Status: 200
19-02-2025 19:15 - URL: https://m-meme-generator.netlify.app/ - Status: 200
19-02-2025 19:15 - URL: https://netfflix-clone.netlify.app/ - Status: 200
19-02-2025 19:15 - URL: https://m-dotcom.netlify.app/ - Status: 200
19-02-2025 19:15 - URL: https://m-iphone-calculator.netlify.app/ - Status: 200
19-02-2025 19:17 - URL: https://mubassim-khan.netlify.app - Status: 200
19-02-2025 19:17 - URL: https://mubassim.vercel.app - Status: 200
19-02-2025 19:17 - URL: https://grp-2.netlify.app/ - Status: 200
19-02-2025 19:17 - URL: https://quizmaster-ai.streamlit.app/ - Status: 200
19-02-2025 19:17 - URL: https://m-travel-journal.netlify.app/ - Status: 200
19-02-2025 19:17 - URL: https://m-carhub.vercel.app/ - Status: 200
19-02-2025 19:17 - URL: https://simulator-g15.streamlit.app/ - Status: 200
19-02-2025 19:17 - URL: https://m-airbnb-experiences.netlify.app/ - Status: 404
19-02-2025 19:17 - URL: https://imaginify-ai-eight.vercel.app - Status: 200
19-02-2025 19:17 - URL: https://spotify-clone-gt.vercel.app/ - Status: 200
19-02-2025 19:17 - URL: https://m-business-card.netlify.app/ - Status: 200
19-02-2025 19:17 - URL: https://react-redux-toolkit-opal.vercel.app - Status: 200
19-02-2025 19:17 - URL: https://m-meme-generator.netlify.app/ - Status: 200
19-02-2025 19:17 - URL: https://netfflix-clone.netlify.app/ - Status: 200
19-02-2025 19:17 - URL: https://m-dotcom.netlify.app/ - Status: 200
19-02-2025 19:17 - URL: https://m-iphone-calculator.netlify.app/ - Status: 200
19-02-2025 19:19 - URL: https://mubassim-khan.netlify.app - Status: 200
19-02-2025 19:19 - URL: https://mubassim.vercel.app - Status: 200
19-02-2025 19:19 - URL: https://grp-2.netlify.app/ - Status: 200
19-02-2025 19:19 - URL: https://quizmaster-ai.streamlit.app/ - Status: 200
19-02-2025 19:19 - URL: https://m-travel-journal.netlify.app/ - Status: 200
19-02-2025 19:19 - URL: https://m-carhub.vercel.app/ - Status: 200
19-02-2025 19:19 - URL: https://simulator-g15.streamlit.app/ - Status: 200
19-02-2025 19:19 - URL: https://m-airbnb-experiences.netlify.app/ - Status: 404
19-02-2025 19:19 - URL: https://imaginify-ai-eight.vercel.app - Status: 200
19-02-2025 19:19 - URL: https://spotify-clone-gt.vercel.app/ - Status: 200
19-02-2025 19:19 - URL: https://m-business-card.netlify.app/ - Status: 200
19-02-2025 19:19 - URL: https://react-redux-toolkit-opal.vercel.app - Status: 200
19-02-2025 19:19 - URL: https://m-meme-generator.netlify.app/ - Status: 200
19-02-2025 19:19 - URL: https://netfflix-clone.netlify.app/ - Status: 200
19-02-2025 19:19 - URL: https://m-dotcom.netlify.app/ - Status: 200
19-02-2025 19:19 - URL: https://m-iphone-calculator.netlify.app/ - Status: 200
19-02-2025 19:21 - URL: https://mubassim-khan.netlify.app - Status: 200
19-02-2025 19:21 - URL: https://mubassim.vercel.app - Status: 200
19-02-2025 19:21 - URL: https://grp-2.netlify.app/ - Status: 200
19-02-2025 19:21 - URL: https://quizmaster-ai.streamlit.app/ - Status: 200
19-02-2025 19:21 - URL: https://m-travel-journal.netlify.app/ - Status: 200
19-02-2025 19:21 - URL: https://m-carhub.vercel.app/ - Status: 200
19-02-2025 19:21 - URL: https://simulator-g15.streamlit.app/ - Status: 200
19-02-2025 19:21 - URL: https://m-airbnb-experiences.netlify.app/ - Status: 404
19-02-2025 19:22 - https://imaginify-ai-eight.vercel.app - ERROR: HTTPSConnectionPool(host='imaginify-ai-eight.vercel.app', port=443): Read timed out. (read timeout=5)
19-02-2025 19:22 - URL: https://spotify-clone-gt.vercel.app/ - Status: 200
19-02-2025 19:22 - URL: https://m-business-card.netlify.app/ - Status: 200
19-02-2025 19:22 - URL: https://react-redux-toolkit-opal.vercel.app - Status: 200
19-02-2025 19:22 - URL: https://m-meme-generator.netlify.app/ - Status: 200
19-02-2025 19:22 - URL: https://netfflix-clone.netlify.app/ - Status: 200
19-02-2025 19:22 - URL: https://m-dotcom.netlify.app/ - Status: 200
19-02-2025 19:22 - URL: https://m-iphone-calculator.netlify.app/ - Status: 200
19-02-2025 19:23 - URL: https://mubassim-khan.netlify.app - Status: 200
19-02-2025 19:23 - URL: https://mubassim.vercel.app - Status: 200
19-02-2025 19:23 - URL: https://grp-2.netlify.app/ - Status: 200
19-02-2025 19:23 - URL: https://quizmaster-ai.streamlit.app/ - Status: 200
19-02-2025 19:23 - URL: https://m-travel-journal.netlify.app/ - Status: 200
19-02-2025 19:23 - URL: https://m-carhub.vercel.app/ - Status: 200
19-02-2025 19:23 - URL: https://simulator-g15.streamlit.app/ - Status: 200
19-02-2025 19:23 - URL: https://lively-bombolone-b2ef09.netlify.app - Status: 200
19-02-2025 19:23 - URL: https://imaginify-ai-eight.vercel.app - Status: 200
19-02-2025 19:23 - URL: https://spotify-clone-gt.vercel.app/ - Status: 200
19-02-2025 19:23 - URL: https://m-business-card.netlify.app/ - Status: 200
19-02-2025 19:23 - URL: https://react-redux-toolkit-opal.vercel.app - Status: 200
19-02-2025 19:23 - URL: https://m-meme-generator.netlify.app/ - Status: 200
19-02-2025 19:23 - URL: https://netfflix-clone.netlify.app/ - Status: 200
19-02-2025 19:23 - URL: https://m-dotcom.netlify.app/ - Status: 200
19-02-2025 19:23 - URL: https://m-iphone-calculator.netlify.app/ - Status: 200
19-02-2025 19:23 - URL: https://mubassim-khan.netlify.app - Status: 200
19-02-2025 19:23 - URL: https://mubassim.vercel.app - Status: 200
19-02-2025 19:23 - URL: https://grp-2.netlify.app/ - Status: 200
19-02-2025 19:23 - URL: https://quizmaster-ai.streamlit.app/ - Status: 200
19-02-2025 19:23 - URL: https://m-travel-journal.netlify.app/ - Status: 200
19-02-2025 19:23 - URL: https://m-carhub.vercel.app/ - Status: 200
19-02-2025 19:23 - URL: https://simulator-g15.streamlit.app/ - Status: 200
19-02-2025 19:23 - URL: https://lively-bombolone-b2ef09.netlify.app - Status: 200
19-02-2025 19:23 - URL: https://imaginify-ai-eight.vercel.app - Status: 200
19-02-2025 19:23 - URL: https://spotify-clone-gt.vercel.app/ - Status: 200
19-02-2025 19:23 - URL: https://m-business-card.netlify.app/ - Status: 200
19-02-2025 19:23 - URL: https://react-redux-toolkit-opal.vercel.app - Status: 200
19-02-2025 19:23 - URL: https://m-meme-generator.netlify.app/ - Status: 200
19-02-2025 19:23 - URL: https://netfflix-clone.netlify.app/ - Status: 200
19-02-2025 19:23 - URL: https://m-dotcom.netlify.app/ - Status: 200
19-02-2025 19:23 - URL: https://m-iphone-calculator.netlify.app/ - Status: 200
19-02-2025 19:25 - URL: https://mubassim-khan.netlify.app - Status: 200
19-02-2025 19:25 - URL: https://mubassim.vercel.app - Status: 200
19-02-2025 19:25 - URL: https://grp-2.netlify.app/ - Status: 200
19-02-2025 19:25 - URL: https://quizmaster-ai.streamlit.app/ - Status: 200
19-02-2025 19:25 - URL: https://m-travel-journal.netlify.app/ - Status: 200
19-02-2025 19:25 - URL: https://m-carhub.vercel.app/ - Status: 200
19-02-2025 19:25 - URL: https://simulator-g15.streamlit.app/ - Status: 200
19-02-2025 19:25 - URL: https://lively-bombolone-b2ef09.netlify.app - Status: 200
19-02-2025 19:25 - URL: https://imaginify-ai-eight.vercel.app - Status: 200
19-02-2025 19:25 - URL: https://spotify-clone-gt.vercel.app/ - Status: 200
19-02-2025 19:25 - URL: https://m-business-card.netlify.app/ - Status: 200
19-02-2025 19:25 - URL: https://react-redux-toolkit-opal.vercel.app - Status: 200
19-02-2025 19:25 - URL: https://m-meme-generator.netlify.app/ - Status: 200
19-02-2025 19:25 - URL: https://netfflix-clone.netlify.app/ - Status: 200
19-02-2025 19:25 - URL: https://m-dotcom.netlify.app/ - Status: 200
19-02-2025 19:25 - URL: https://m-iphone-calculator.netlify.app/ - Status: 200
19-02-2025 19:27 - URL: https://mubassim-khan.netlify.app - Status: 200
19-02-2025 19:27 - URL: https://mubassim.vercel.app - Status: 200
19-02-2025 19:28 - URL: https://grp-2.netlify.app/ - Status: 200
19-02-2025 19:28 - URL: https://quizmaster-ai.streamlit.app/ - Status: 200
19-02-2025 19:28 - URL: https://m-travel-journal.netlify.app/ - Status: 200
19-02-2025 19:28 - URL: https://m-carhub.vercel.app/ - Status: 200
19-02-2025 19:28 - URL: https://simulator-g15.streamlit.app/ - Status: 200
19-02-2025 19:28 - URL: https://lively-bombolone-b2ef09.netlify.app - Status: 200
19-02-2025 19:28 - URL: https://imaginify-ai-eight.vercel.app - Status: 200
19-02-2025 19:28 - URL: https://spotify-clone-gt.vercel.app/ - Status: 200
19-02-2025 19:28 - URL: https://m-business-card.netlify.app/ - Status: 200
19-02-2025 19:28 - URL: https://react-redux-toolkit-opal.vercel.app - Status: 200
19-02-2025 19:28 - URL: https://m-meme-generator.netlify.app/ - Status: 200
19-02-2025 19:28 - URL: https://netfflix-clone.netlify.app/ - Status: 200
19-02-2025 19:28 - URL: https://m-dotcom.netlify.app/ - Status: 200
19-02-2025 19:28 - URL: https://m-iphone-calculator.netlify.app/ - Status: 200
19-02-2025 19:30 - URL: https://mubassim-khan.netlify.app - Status: 200
19-02-2025 19:30 - URL: https://mubassim.vercel.app - Status: 200
19-02-2025 19:30 - URL: https://grp-2.netlify.app/ - Status: 200
19-02-2025 19:30 - URL: https://quizmaster-ai.streamlit.app/ - Status: 200
19-02-2025 19:30 - URL: https://m-travel-journal.netlify.app/ - Status: 200
19-02-2025 19:30 - URL: https://m-carhub.vercel.app/ - Status: 200
19-02-2025 19:30 - URL: https://simulator-g15.streamlit.app/ - Status: 200
19-02-2025 19:30 - URL: https://lively-bombolone-b2ef09.netlify.app - Status: 200
19-02-2025 19:30 - URL: https://imaginify-ai-eight.vercel.app - Status: 200
19-02-2025 19:30 - URL: https://spotify-clone-gt.vercel.app/ - Status: 200
19-02-2025 19:30 - URL: https://m-business-card.netlify.app/ - Status: 200
19-02-2025 19:30 - URL: https://react-redux-toolkit-opal.vercel.app - Status: 200
19-02-2025 19:30 - URL: https://m-meme-generator.netlify.app/ - Status: 200
19-02-2025 19:30 - URL: https://netfflix-clone.netlify.app/ - Status: 200
19-02-2025 19:30 - URL: https://m-dotcom.netlify.app/ - Status: 200
19-02-2025 19:30 - URL: https://m-iphone-calculator.netlify.app/ - Status: 200
19-02-2025 19:32 - URL: https://mubassim-khan.netlify.app - Status: 200
19-02-2025 19:32 - URL: https://mubassim.vercel.app - Status: 200
19-02-2025 19:32 - URL: https://grp-2.netlify.app/ - Status: 200
19-02-2025 19:32 - URL: https://quizmaster-ai.streamlit.app/ - Status: 200
19-02-2025 19:32 - URL: https://m-travel-journal.netlify.app/ - Status: 200
19-02-2025 19:32 - URL: https://m-carhub.vercel.app/ - Status: 200
19-02-2025 19:32 - URL: https://simulator-g15.streamlit.app/ - Status: 200
19-02-2025 19:32 - URL: https://lively-bombolone-b2ef09.netlify.app - Status: 200
19-02-2025 19:32 - URL: https://imaginify-ai-eight.vercel.app - Status: 200
19-02-2025 19:32 - URL: https://spotify-clone-gt.vercel.app/ - Status: 200
19-02-2025 19:32 - URL: https://m-business-card.netlify.app/ - Status: 200
19-02-2025 19:32 - URL: https://react-redux-toolkit-opal.vercel.app - Status: 200
19-02-2025 19:32 - URL: https://m-meme-generator.netlify.app/ - Status: 200
19-02-2025 19:32 - URL: https://netfflix-clone.netlify.app/ - Status: 200
19-02-2025 19:32 - URL: https://m-dotcom.netlify.app/ - Status: 200
19-02-2025 19:32 - URL: https://m-iphone-calculator.netlify.app/ - Status: 200
19-02-2025 19:34 - URL: https://mubassim-khan.netlify.app - Status: 200
19-02-2025 19:34 - URL: https://mubassim.vercel.app - Status: 200
19-02-2025 19:34 - URL: https://grp-2.netlify.app/ - Status: 200
19-02-2025 19:34 - URL: https://quizmaster-ai.streamlit.app/ - Status: 200
19-02-2025 19:34 - URL: https://m-travel-journal.netlify.app/ - Status: 200
20-02-2025 15:09 - URL: https://mubassim-khan.netlify.app - Status: 200
20-02-2025 15:09 - URL: https://mubassim.vercel.app - Status: 200
20-02-2025 15:09 - URL: https://grp-2.netlify.app/ - Status: 200
20-02-2025 15:09 - URL: https://quizmaster-ai.streamlit.app/ - Status: 200
20-02-2025 15:09 - URL: https://m-travel-journal.netlify.app/ - Status: 200
20-02-2025 15:09 - URL: https://m-carhub.vercel.app/ - Status: 200
20-02-2025 15:09 - URL: https://simulator-g15.streamlit.app/ - Status: 200
20-02-2025 15:09 - URL: https://lively-bombolone-b2ef09.netlify.app - Status: 200
20-02-2025 15:09 - https://imaginify-ai-eight.vercel.app - ERROR: HTTPSConnectionPool(host='imaginify-ai-eight.vercel.app', port=443): Read timed out. (read timeout=5)
20-02-2025 15:09 - URL: https://spotify-clone-gt.vercel.app/ - Status: 200
20-02-2025 15:09 - URL: https://m-business-card.netlify.app/ - Status: 200
20-02-2025 15:09 - URL: https://react-redux-toolkit-opal.vercel.app - Status: 200
20-02-2025 15:09 - URL: https://m-meme-generator.netlify.app/ - Status: 200
20-02-2025 15:09 - URL: https://netfflix-clone.netlify.app/ - Status: 200
20-02-2025 15:09 - URL: https://m-dotcom.netlify.app/ - Status: 200
20-02-2025 15:09 - URL: https://m-iphone-calculator.netlify.app/ - Status: 200
19-02-2025 20:13 - URL: https://mubassim-khan.netlify.app - Status: 200
19-02-2025 20:13 - URL: https://mubassim.vercel.app - Status: 200
19-02-2025 20:13 - URL: https://grp-2.netlify.app/ - Status: 200
19-02-2025 20:13 - URL: https://quizmaster-ai.streamlit.app/ - Status: 200
19-02-2025 20:13 - URL: https://m-travel-journal.netlify.app/ - Status: 200
19-02-2025 20:13 - URL: https://m-carhub.vercel.app/ - Status: 200
19-02-2025 20:13 - URL: https://simulator-g15.streamlit.app/ - Status: 200
19-02-2025 20:13 - URL: https://lively-bombolone-b2ef09.netlify.app - Status: 200
19-02-2025 20:13 - URL: https://imaginify-ai-eight.vercel.app - Status: 200
19-02-2025 20:13 - URL: https://spotify-clone-gt.vercel.app/ - Status: 200
19-02-2025 20:13 - URL: https://m-business-card.netlify.app/ - Status: 200
19-02-2025 20:13 - URL: https://react-redux-toolkit-opal.vercel.app - Status: 200
19-02-2025 20:13 - URL: https://m-meme-generator.netlify.app/ - Status: 200
19-02-2025 20:13 - URL: https://netfflix-clone.netlify.app/ - Status: 200
19-02-2025 20:13 - URL: https://m-dotcom.netlify.app/ - Status: 200
19-02-2025 20:13 - URL: https://m-iphone-calculator.netlify.app/ - Status: 200
20-02-2025 15:16 - URL: https://mubassim-khan.netlify.app - Status: 200
20-02-2025 15:16 - URL: https://mubassim.vercel.app - Status: 200
20-02-2025 15:16 - URL: https://grp-2.netlify.app/ - Status: 200
20-02-2025 15:16 - URL: https://quizmaster-ai.streamlit.app/ - Status: 200
20-02-2025 15:16 - URL: https://m-travel-journal.netlify.app/ - Status: 200
20-02-2025 15:16 - URL: https://m-carhub.vercel.app/ - Status: 200
20-02-2025 15:16 - URL: https://simulator-g15.streamlit.app/ - Status: 200
20-02-2025 15:16 - URL: https://lively-bombolone-b2ef09.netlify.app - Status: 200
20-02-2025 15:16 - https://imaginify-ai-eight.vercel.app - ERROR: HTTPSConnectionPool(host='imaginify-ai-eight.vercel.app', port=443): Read timed out. (read timeout=5)
20-02-2025 15:16 - URL: https://spotify-clone-gt.vercel.app/ - Status: 200
20-02-2025 15:16 - URL: https://m-business-card.netlify.app/ - Status: 200
20-02-2025 15:16 - URL: https://react-redux-toolkit-opal.vercel.app - Status: 200
20-02-2025 15:16 - URL: https://m-meme-generator.netlify.app/ - Status: 200
20-02-2025 15:16 - URL: https://netfflix-clone.netlify.app/ - Status: 200
20-02-2025 15:16 - URL: https://m-dotcom.netlify.app/ - Status: 200
20-02-2025 15:16 - URL: https://m-iphone-calculator.netlify.app/ - Status: 200
20-02-2025 15:18 - URL: https://mubassim-khan.netlify.app - Status: 200
20-02-2025 15:18 - URL: https://mubassim.vercel.app - Status: 200
20-02-2025 15:18 - URL: https://grp-2.netlify.app/ - Status: 200
20-02-2025 15:18 - URL: https://quizmaster-ai.streamlit.app/ - Status: 200
20-02-2025 15:18 - URL: https://m-travel-journal.netlify.app/ - Status: 200
20-02-2025 15:18 - URL: https://m-carhub.vercel.app/ - Status: 200
20-02-2025 15:18 - URL: https://simulator-g15.streamlit.app/ - Status: 200
20-02-2025 15:18 - URL: https://lively-bombolone-b2ef09.netlify.app - Status: 200
20-02-2025 15:18 - URL: https://imaginify-ai-eight.vercel.app - Status: 200
20-02-2025 15:18 - URL: https://spotify-clone-gt.vercel.app/ - Status: 200
20-02-2025 15:18 - URL: https://m-business-card.netlify.app/ - Status: 200
20-02-2025 15:18 - URL: https://react-redux-toolkit-opal.vercel.app - Status: 200
20-02-2025 15:18 - URL: https://m-meme-generator.netlify.app/ - Status: 200
20-02-2025 15:18 - URL: https://netfflix-clone.netlify.app/ - Status: 200
20-02-2025 15:18 - URL: https://m-dotcom.netlify.app/ - Status: 200
20-02-2025 15:18 - URL: https://m-iphone-calculator.netlify.app/ - Status: 200
20-02-2025 15:21 - URL: https://mubassim-khan.netlify.app - Status: 200
20-02-2025 15:21 - URL: https://mubassim.vercel.app - Status: 200
20-02-2025 15:21 - URL: https://grp-2.netlify.app/ - Status: 200
20-02-2025 15:21 - URL: https://quizmaster-ai.streamlit.app/ - Status: 200
20-02-2025 15:21 - URL: https://m-travel-journal.netlify.app/ - Status: 200
20-02-2025 15:21 - URL: https://m-carhub.vercel.app/ - Status: 200
20-02-2025 15:21 - URL: https://simulator-g15.streamlit.app/ - Status: 200
20-02-2025 15:21 - URL: https://lively-bombolone-b2ef09.netlify.app - Status: 200
20-02-2025 15:21 - URL: https://imaginify-ai-eight.vercel.app - Status: 200
20-02-2025 15:21 - URL: https://spotify-clone-gt.vercel.app/ - Status: 200
20-02-2025 15:21 - URL: https://m-business-card.netlify.app/ - Status: 200
20-02-2025 15:21 - URL: https://react-redux-toolkit-opal.vercel.app - Status: 200
20-02-2025 15:21 - URL: https://m-meme-generator.netlify.app/ - Status: 200
20-02-2025 15:21 - URL: https://netfflix-clone.netlify.app/ - Status: 200
20-02-2025 15:21 - URL: https://m-dotcom.netlify.app/ - Status: 200
20-02-2025 15:21 - URL: https://m-iphone-calculator.netlify.app/ - Status: 200
20-02-2025 15:23 - URL: https://mubassim-khan.netlify.app - Status: 200
20-02-2025 15:23 - URL: https://mubassim.vercel.app - Status: 200
20-02-2025 15:23 - URL: https://grp-2.netlify.app/ - Status: 200
20-02-2025 15:23 - URL: https://quizmaster-ai.streamlit.app/ - Status: 200
20-02-2025 15:23 - URL: https://m-travel-journal.netlify.app/ - Status: 200
20-02-2025 15:23 - URL: https://m-carhub.vercel.app/ - Status: 200
20-02-2025 15:23 - URL: https://simulator-g15.streamlit.app/ - Status: 200
20-02-2025 15:23 - URL: https://lively-bombolone-b2ef09.netlify.app - Status: 200
20-02-2025 15:23 - URL: https://imaginify-ai-eight.vercel.app - Status: 200
20-02-2025 15:23 - URL: https://spotify-clone-gt.vercel.app/ - Status: 200
20-02-2025 15:23 - URL: https://m-business-card.netlify.app/ - Status: 200
20-02-2025 15:23 - URL: https://react-redux-toolkit-opal.vercel.app - Status: 200
20-02-2025 15:23 - URL: https://m-meme-generator.netlify.app/ - Status: 200
20-02-2025 15:23 - URL: https://netfflix-clone.netlify.app/ - Status: 200
20-02-2025 15:23 - URL: https://m-dotcom.netlify.app/ - Status: 200
20-02-2025 15:23 - URL: https://m-iphone-calculator.netlify.app/ - Status: 200
20-02-2025 15:25 - URL: https://mubassim-khan.netlify.app - Status: 200
20-02-2025 15:25 - URL: https://mubassim.vercel.app - Status: 200
20-02-2025 15:25 - URL: https://grp-2.netlify.app/ - Status: 200
20-02-2025 15:25 - URL: https://quizmaster-ai.streamlit.app/ - Status: 200
20-02-2025 15:25 - URL: https://m-travel-journal.netlify.app/ - Status: 200
20-02-2025 15:25 - URL: https://m-carhub.vercel.app/ - Status: 200
20-02-2025 15:25 - URL: https://simulator-g15.streamlit.app/ - Status: 200
20-02-2025 15:25 - URL: https://lively-bombolone-b2ef09.netlify.app - Status: 200
20-02-2025 15:25 - URL: https://imaginify-ai-eight.vercel.app - Status: 200
20-02-2025 15:25 - URL: https://spotify-clone-gt.vercel.app/ - Status: 200
20-02-2025 15:25 - URL: https://m-business-card.netlify.app/ - Status: 200
20-02-2025 15:25 - URL: https://react-redux-toolkit-opal.vercel.app - Status: 200
20-02-2025 15:25 - URL: https://m-meme-generator.netlify.app/ - Status: 200
20-02-2025 15:25 - URL: https://netfflix-clone.netlify.app/ - Status: 200
20-02-2025 15:25 - URL: https://m-dotcom.netlify.app/ - Status: 200
20-02-2025 15:25 - URL: https://m-iphone-calculator.netlify.app/ - Status: 200
20-02-2025 15:26 - URL: https://mubassim-khan.netlify.app - Status: 200
20-02-2025 15:26 - URL: https://mubassim.vercel.app - Status: 200
20-02-2025 15:26 - URL: https://grp-2.netlify.app/ - Status: 200
20-02-2025 15:26 - URL: https://quizmaster-ai.streamlit.app/ - Status: 200
20-02-2025 15:26 - URL: https://m-travel-journal.netlify.app/ - Status: 200
20-02-2025 15:26 - URL: https://m-carhub.vercel.app/ - Status: 200
20-02-2025 15:26 - URL: https://simulator-g15.streamlit.app/ - Status: 200
20-02-2025 15:26 - URL: https://lively-bombolone-b2ef09.netlify.app - Status: 200
20-02-2025 15:26 - URL: https://imaginify-ai-eight.vercel.app - Status: 200
20-02-2025 15:26 - URL: https://spotify-clone-gt.vercel.app/ - Status: 200
20-02-2025 15:26 - URL: https://m-business-card.netlify.app/ - Status: 200
20-02-2025 15:26 - URL: https://react-redux-toolkit-opal.vercel.app - Status: 200
20-02-2025 15:26 - URL: https://m-meme-generator.netlify.app/ - Status: 200
20-02-2025 15:26 - URL: https://netfflix-clone.netlify.app/ - Status: 200
20-02-2025 15:26 - URL: https://m-dotcom.netlify.app/ - Status: 200
20-02-2025 15:26 - URL: https://m-iphone-calculator.netlify.app/ - Status: 200
20-02-2025 15:28 - URL: https://mubassim-khan.netlify.app - Status: 200
20-02-2025 15:28 - URL: https://mubassim.vercel.app - Status: 200
20-02-2025 15:28 - URL: https://grp-2.netlify.app/ - Status: 200
20-02-2025 15:28 - URL: https://quizmaster-ai.streamlit.app/ - Status: 200
20-02-2025 15:28 - URL: https://m-travel-journal.netlify.app/ - Status: 200
20-02-2025 15:28 - URL: https://m-carhub.vercel.app/ - Status: 200
20-02-2025 15:28 - URL: https://simulator-g15.streamlit.app/ - Status: 200
20-02-2025 15:28 - URL: https://lively-bombolone-b2ef09.netlify.app - Status: 200
20-02-2025 15:28 - URL: https://imaginify-ai-eight.vercel.app - Status: 200
20-02-2025 15:28 - URL: https://spotify-clone-gt.vercel.app/ - Status: 200
20-02-2025 15:28 - URL: https://m-business-card.netlify.app/ - Status: 200
20-02-2025 15:28 - URL: https://react-redux-toolkit-opal.vercel.app - Status: 200
20-02-2025 15:28 - URL: https://m-meme-generator.netlify.app/ - Status: 200
20-02-2025 15:28 - URL: https://netfflix-clone.netlify.app/ - Status: 200
20-02-2025 15:28 - URL: https://m-dotcom.netlify.app/ - Status: 200
20-02-2025 15:29 - URL: https://m-iphone-calculator.netlify.app/ - Status: 200
20-02-2025 15:31 - URL: https://mubassim-khan.netlify.app - Status: 200
20-02-2025 15:31 - URL: https://mubassim.vercel.app - Status: 200
20-02-2025 15:31 - URL: https://grp-2.netlify.app/ - Status: 200
20-02-2025 15:31 - URL: https://quizmaster-ai.streamlit.app/ - Status: 200
20-02-2025 15:31 - URL: https://m-travel-journal.netlify.app/ - Status: 200
20-02-2025 15:31 - URL: https://m-carhub.vercel.app/ - Status: 200
20-02-2025 15:31 - URL: https://simulator-g15.streamlit.app/ - Status: 200
20-02-2025 15:31 - URL: https://lively-bombolone-b2ef09.netlify.app - Status: 200
20-02-2025 15:31 - URL: https://imaginify-ai-eight.vercel.app - Status: 200
20-02-2025 15:31 - URL: https://spotify-clone-gt.vercel.app/ - Status: 200
20-02-2025 15:31 - URL: https://m-business-card.netlify.app/ - Status: 200
20-02-2025 15:31 - URL: https://react-redux-toolkit-opal.vercel.app - Status: 200
20-02-2025 15:31 - URL: https://m-meme-generator.netlify.app/ - Status: 200
20-02-2025 15:31 - URL: https://netfflix-clone.netlify.app/ - Status: 200
20-02-2025 15:31 - URL: https://m-dotcom.netlify.app/ - Status: 200
20-02-2025 15:31 - URL: https://m-iphone-calculator.netlify.app/ - Status: 200
20-02-2025 15:33 - URL: https://mubassim-khan.netlify.app - Status: 200
20-02-2025 15:33 - URL: https://mubassim.vercel.app - Status: 200
20-02-2025 15:33 - URL: https://grp-2.netlify.app/ - Status: 200
20-02-2025 15:33 - URL: https://quizmaster-ai.streamlit.app/ - Status: 200
20-02-2025 15:33 - URL: https://m-travel-journal.netlify.app/ - Status: 200
20-02-2025 15:33 - URL: https://m-carhub.vercel.app/ - Status: 200
20-02-2025 15:33 - URL: https://simulator-g15.streamlit.app/ - Status: 200
20-02-2025 15:33 - URL: https://lively-bombolone-b2ef09.netlify.app - Status: 200
20-02-2025 15:33 - URL: https://imaginify-ai-eight.vercel.app - Status: 200
20-02-2025 15:33 - URL: https://spotify-clone-gt.vercel.app/ - Status: 200
20-02-2025 15:33 - URL: https://m-business-card.netlify.app/ - Status: 200
20-02-2025 15:33 - URL: https://react-redux-toolkit-opal.vercel.app - Status: 200
20-02-2025 15:33 - URL: https://m-meme-generator.netlify.app/ - Status: 200
20-02-2025 15:33 - URL: https://netfflix-clone.netlify.app/ - Status: 200
20-02-2025 15:33 - URL: https://m-dotcom.netlify.app/ - Status: 200
20-02-2025 15:33 - URL: https://m-iphone-calculator.netlify.app/ - Status: 200
20-02-2025 15:35 - URL: https://mubassim-khan.netlify.app - Status: 200
20-02-2025 15:35 - URL: https://mubassim.vercel.app - Status: 200
20-02-2025 15:35 - URL: https://grp-2.netlify.app/ - Status: 200
20-02-2025 15:35 - URL: https://quizmaster-ai.streamlit.app/ - Status: 200
20-02-2025 15:35 - URL: https://m-travel-journal.netlify.app/ - Status: 200
20-02-2025 15:35 - URL: https://m-carhub.vercel.app/ - Status: 200
20-02-2025 15:35 - URL: https://simulator-g15.streamlit.app/ - Status: 200
20-02-2025 15:35 - URL: https://lively-bombolone-b2ef09.netlify.app - Status: 200
20-02-2025 15:35 - URL: https://imaginify-ai-eight.vercel.app - Status: 200
20-02-2025 15:35 - URL: https://spotify-clone-gt.vercel.app/ - Status: 200
20-02-2025 15:35 - URL: https://m-business-card.netlify.app/ - Status: 200
20-02-2025 15:35 - URL: https://react-redux-toolkit-opal.vercel.app - Status: 200
20-02-2025 15:35 - URL: https://m-meme-generator.netlify.app/ - Status: 200
20-02-2025 15:35 - URL: https://netfflix-clone.netlify.app/ - Status: 200
20-02-2025 15:35 - URL: https://m-dotcom.netlify.app/ - Status: 200
20-02-2025 15:35 - URL: https://m-iphone-calculator.netlify.app/ - Status: 200
20-02-2025 15:37 - URL: https://mubassim-khan.netlify.app - Status: 200
20-02-2025 15:37 - URL: https://mubassim.vercel.app - Status: 200
20-02-2025 15:37 - URL: https://grp-2.netlify.app/ - Status: 200
20-02-2025 15:37 - URL: https://quizmaster-ai.streamlit.app/ - Status: 200
20-02-2025 15:37 - URL: https://m-travel-journal.netlify.app/ - Status: 200
20-02-2025 15:37 - URL: https://m-carhub.vercel.app/ - Status: 200
20-02-2025 15:37 - URL: https://simulator-g15.streamlit.app/ - Status: 200
20-02-2025 15:37 - URL: https://lively-bombolone-b2ef09.netlify.app - Status: 200
20-02-2025 15:37 - URL: https://imaginify-ai-eight.vercel.app - Status: 200
20-02-2025 15:37 - URL: https://spotify-clone-gt.vercel.app/ - Status: 200
20-02-2025 15:37 - URL: https://m-business-card.netlify.app/ - Status: 200
20-02-2025 15:37 - URL: https://react-redux-toolkit-opal.vercel.app - Status: 200
20-02-2025 15:37 - URL: https://m-meme-generator.netlify.app/ - Status: 200
20-02-2025 15:37 - URL: https://netfflix-clone.netlify.app/ - Status: 200
20-02-2025 15:37 - URL: https://m-dotcom.netlify.app/ - Status: 200
20-02-2025 15:37 - URL: https://m-iphone-calculator.netlify.app/ - Status: 200
20-02-2025 15:39 - URL: https://mubassim-khan.netlify.app - Status: 200
20-02-2025 15:39 - URL: https://mubassim.vercel.app - Status: 200
20-02-2025 15:39 - URL: https://grp-2.netlify.app/ - Status: 200
20-02-2025 15:39 - URL: https://quizmaster-ai.streamlit.app/ - Status: 200
20-02-2025 15:39 - URL: https://m-travel-journal.netlify.app/ - Status: 200
20-02-2025 15:39 - URL: https://m-carhub.vercel.app/ - Status: 200
20-02-2025 15:39 - URL: https://simulator-g15.streamlit.app/ - Status: 200
20-02-2025 15:39 - URL: https://lively-bombolone-b2ef09.netlify.app - Status: 200
20-02-2025 15:39 - URL: https://imaginify-ai-eight.vercel.app - Status: 200
20-02-2025 15:39 - URL: https://spotify-clone-gt.vercel.app/ - Status: 200
20-02-2025 15:39 - URL: https://m-business-card.netlify.app/ - Status: 200
20-02-2025 15:39 - URL: https://react-redux-toolkit-opal.vercel.app - Status: 200
20-02-2025 15:39 - URL: https://m-meme-generator.netlify.app/ - Status: 200
20-02-2025 15:39 - URL: https://netfflix-clone.netlify.app/ - Status: 200
20-02-2025 15:39 - URL: https://m-dotcom.netlify.app/ - Status: 200
20-02-2025 15:39 - URL: https://m-iphone-calculator.netlify.app/ - Status: 200
20-02-2025 15:41 - URL: https://mubassim-khan.netlify.app - Status: 200
20-02-2025 15:41 - URL: https://mubassim.vercel.app - Status: 200
20-02-2025 15:41 - URL: https://grp-2.netlify.app/ - Status: 200
20-02-2025 15:41 - URL: https://quizmaster-ai.streamlit.app/ - Status: 200
20-02-2025 15:41 - URL: https://m-travel-journal.netlify.app/ - Status: 200
20-02-2025 15:41 - URL: https://m-carhub.vercel.app/ - Status: 200
20-02-2025 15:42 - URL: https://simulator-g15.streamlit.app/ - Status: 200
20-02-2025 15:42 - URL: https://lively-bombolone-b2ef09.netlify.app - Status: 200
20-02-2025 15:42 - URL: https://imaginify-ai-eight.vercel.app - Status: 200
20-02-2025 15:42 - URL: https://spotify-clone-gt.vercel.app/ - Status: 200
20-02-2025 15:42 - URL: https://m-business-card.netlify.app/ - Status: 200
20-02-2025 15:42 - URL: https://react-redux-toolkit-opal.vercel.app - Status: 200
20-02-2025 15:42 - URL: https://m-meme-generator.netlify.app/ - Status: 200
20-02-2025 15:42 - URL: https://netfflix-clone.netlify.app/ - Status: 200
20-02-2025 15:42 - URL: https://m-dotcom.netlify.app/ - Status: 200
20-02-2025 15:42 - URL: https://m-iphone-calculator.netlify.app/ - Status: 200
20-02-2025 15:44 - URL: https://mubassim-khan.netlify.app - Status: 200
20-02-2025 15:44 - URL: https://mubassim.vercel.app - Status: 200
20-02-2025 15:44 - URL: https://grp-2.netlify.app/ - Status: 200
20-02-2025 15:44 - URL: https://quizmaster-ai.streamlit.app/ - Status: 200
20-02-2025 15:44 - URL: https://m-travel-journal.netlify.app/ - Status: 200
20-02-2025 15:44 - URL: https://m-carhub.vercel.app/ - Status: 200
20-02-2025 15:44 - URL: https://simulator-g15.streamlit.app/ - Status: 200
20-02-2025 15:44 - URL: https://lively-bombolone-b2ef09.netlify.app - Status: 200
20-02-2025 15:44 - URL: https://imaginify-ai-eight.vercel.app - Status: 200
20-02-2025 15:44 - URL: https://spotify-clone-gt.vercel.app/ - Status: 200
20-02-2025 15:44 - URL: https://m-business-card.netlify.app/ - Status: 200
20-02-2025 15:44 - URL: https://react-redux-toolkit-opal.vercel.app - Status: 200
20-02-2025 15:44 - URL: https://m-meme-generator.netlify.app/ - Status: 200
20-02-2025 15:44 - URL: https://netfflix-clone.netlify.app/ - Status: 200
20-02-2025 15:44 - URL: https://m-dotcom.netlify.app/ - Status: 200
20-02-2025 15:44 - URL: https://m-iphone-calculator.netlify.app/ - Status: 200
20-02-2025 15:46 - URL: https://mubassim-khan.netlify.app - Status: 200
20-02-2025 15:46 - URL: https://mubassim.vercel.app - Status: 200
20-02-2025 15:46 - URL: https://grp-2.netlify.app/ - Status: 200
20-02-2025 15:46 - URL: https://quizmaster-ai.streamlit.app/ - Status: 200
20-02-2025 15:46 - URL: https://m-travel-journal.netlify.app/ - Status: 200
20-02-2025 15:46 - URL: https://m-carhub.vercel.app/ - Status: 200
20-02-2025 15:46 - URL: https://simulator-g15.streamlit.app/ - Status: 200
20-02-2025 15:46 - URL: https://lively-bombolone-b2ef09.netlify.app - Status: 200
20-02-2025 15:46 - URL: https://imaginify-ai-eight.vercel.app - Status: 200
20-02-2025 15:46 - URL: https://spotify-clone-gt.vercel.app/ - Status: 200
20-02-2025 15:46 - URL: https://m-business-card.netlify.app/ - Status: 200
20-02-2025 15:46 - URL: https://react-redux-toolkit-opal.vercel.app - Status: 200
20-02-2025 15:46 - URL: https://m-meme-generator.netlify.app/ - Status: 200
20-02-2025 15:46 - URL: https://netfflix-clone.netlify.app/ - Status: 200
20-02-2025 15:46 - URL: https://m-dotcom.netlify.app/ - Status: 200
20-02-2025 15:46 - URL: https://m-iphone-calculator.netlify.app/ - Status: 200
20-02-2025 15:48 - URL: https://mubassim-khan.netlify.app - Status: 200
20-02-2025 15:48 - URL: https://mubassim.vercel.app - Status: 200
20-02-2025 15:48 - URL: https://grp-2.netlify.app/ - Status: 200
20-02-2025 15:48 - URL: https://quizmaster-ai.streamlit.app/ - Status: 200
20-02-2025 15:48 - URL: https://m-travel-journal.netlify.app/ - Status: 200
20-02-2025 15:48 - URL: https://m-carhub.vercel.app/ - Status: 200
20-02-2025 15:48 - URL: https://simulator-g15.streamlit.app/ - Status: 200
20-02-2025 15:48 - URL: https://lively-bombolone-b2ef09.netlify.app - Status: 200
20-02-2025 15:48 - URL: https://imaginify-ai-eight.vercel.app - Status: 200
20-02-2025 15:48 - URL: https://spotify-clone-gt.vercel.app/ - Status: 200
20-02-2025 15:48 - URL: https://m-business-card.netlify.app/ - Status: 200
20-02-2025 15:48 - URL: https://react-redux-toolkit-opal.vercel.app - Status: 200
20-02-2025 15:48 - URL: https://m-meme-generator.netlify.app/ - Status: 200
20-02-2025 15:48 - URL: https://netfflix-clone.netlify.app/ - Status: 200
20-02-2025 15:48 - URL: https://m-dotcom.netlify.app/ - Status: 200
20-02-2025 15:48 - URL: https://m-iphone-calculator.netlify.app/ - Status: 200
20-02-2025 15:50 - URL: https://mubassim-khan.netlify.app - Status: 200
20-02-2025 15:50 - URL: https://mubassim.vercel.app - Status: 200
20-02-2025 15:50 - URL: https://grp-2.netlify.app/ - Status: 200
20-02-2025 15:50 - URL: https://quizmaster-ai.streamlit.app/ - Status: 200
20-02-2025 15:50 - URL: https://m-travel-journal.netlify.app/ - Status: 200
20-02-2025 15:50 - URL: https://m-carhub.vercel.app/ - Status: 200
20-02-2025 15:50 - URL: https://simulator-g15.streamlit.app/ - Status: 200
20-02-2025 15:50 - URL: https://lively-bombolone-b2ef09.netlify.app - Status: 200
20-02-2025 15:50 - URL: https://imaginify-ai-eight.vercel.app - Status: 200
20-02-2025 15:50 - URL: https://spotify-clone-gt.vercel.app/ - Status: 200
20-02-2025 15:50 - URL: https://m-business-card.netlify.app/ - Status: 200
20-02-2025 15:50 - URL: https://react-redux-toolkit-opal.vercel.app - Status: 200
20-02-2025 15:50 - URL: https://m-meme-generator.netlify.app/ - Status: 200
20-02-2025 15:50 - URL: https://netfflix-clone.netlify.app/ - Status: 200
20-02-2025 15:50 - URL: https://m-dotcom.netlify.app/ - Status: 200
20-02-2025 15:50 - URL: https://m-iphone-calculator.netlify.app/ - Status: 200
20-02-2025 15:52 - URL: https://mubassim-khan.netlify.app - Status: 200
20-02-2025 15:52 - URL: https://mubassim.vercel.app - Status: 200
20-02-2025 15:52 - URL: https://grp-2.netlify.app/ - Status: 200
20-02-2025 15:52 - URL: https://quizmaster-ai.streamlit.app/ - Status: 200
20-02-2025 15:52 - URL: https://m-travel-journal.netlify.app/ - Status: 200
20-02-2025 15:52 - URL: https://m-carhub.vercel.app/ - Status: 200
20-02-2025 15:52 - URL: https://simulator-g15.streamlit.app/ - Status: 200
20-02-2025 15:52 - URL: https://lively-bombolone-b2ef09.netlify.app - Status: 200
20-02-2025 15:52 - URL: https://imaginify-ai-eight.vercel.app - Status: 200
20-02-2025 15:52 - URL: https://spotify-clone-gt.vercel.app/ - Status: 200
20-02-2025 15:52 - URL: https://m-business-card.netlify.app/ - Status: 200
20-02-2025 15:52 - URL: https://react-redux-toolkit-opal.vercel.app - Status: 200
20-02-2025 15:52 - URL: https://m-meme-generator.netlify.app/ - Status: 200
20-02-2025 15:52 - URL: https://netfflix-clone.netlify.app/ - Status: 200
20-02-2025 15:52 - URL: https://m-dotcom.netlify.app/ - Status: 200
20-02-2025 15:53 - URL: https://m-iphone-calculator.netlify.app/ - Status: 200
20-02-2025 15:55 - URL: https://mubassim-khan.netlify.app - Status: 200
20-02-2025 15:55 - URL: https://mubassim.vercel.app - Status: 200
20-02-2025 15:55 - URL: https://grp-2.netlify.app/ - Status: 200
20-02-2025 15:55 - URL: https://quizmaster-ai.streamlit.app/ - Status: 200
20-02-2025 15:55 - URL: https://m-travel-journal.netlify.app/ - Status: 200
20-02-2025 15:55 - URL: https://m-carhub.vercel.app/ - Status: 200
20-02-2025 15:55 - URL: https://simulator-g15.streamlit.app/ - Status: 200
20-02-2025 15:55 - URL: https://lively-bombolone-b2ef09.netlify.app - Status: 200
20-02-2025 15:55 - URL: https://imaginify-ai-eight.vercel.app - Status: 200
20-02-2025 15:55 - URL: https://spotify-clone-gt.vercel.app/ - Status: 200
20-02-2025 15:55 - URL: https://m-business-card.netlify.app/ - Status: 200
20-02-2025 15:55 - URL: https://react-redux-toolkit-opal.vercel.app - Status: 200
20-02-2025 15:55 - URL: https://m-meme-generator.netlify.app/ - Status: 200
20-02-2025 15:55 - URL: https://netfflix-clone.netlify.app/ - Status: 200
20-02-2025 15:55 - URL: https://m-dotcom.netlify.app/ - Status: 200
20-02-2025 15:55 - URL: https://m-iphone-calculator.netlify.app/ - Status: 200
20-02-2025 17:42 - URL: https://mubassim-khan.netlify.app - Status: 200
20-02-2025 17:42 - URL: https://mubassim.vercel.app - Status: 200
20-02-2025 17:42 - URL: https://grp-2.netlify.app/ - Status: 200
20-02-2025 17:42 - URL: https://quizmaster-ai.streamlit.app/ - Status: 200
20-02-2025 17:42 - URL: https://m-travel-journal.netlify.app/ - Status: 200
20-02-2025 17:42 - URL: https://m-carhub.vercel.app/ - Status: 200
20-02-2025 17:42 - URL: https://simulator-g15.streamlit.app/ - Status: 200
20-02-2025 17:42 - URL: https://lively-bombolone-b2ef09.netlify.app - Status: 200
20-02-2025 17:42 - https://imaginify-ai-eight.vercel.app - ERROR: HTTPSConnectionPool(host='imaginify-ai-eight.vercel.app', port=443): Read timed out. (read timeout=5)
20-02-2025 17:42 - URL: https://spotify-clone-gt.vercel.app/ - Status: 200
20-02-2025 17:42 - URL: https://m-business-card.netlify.app/ - Status: 200
20-02-2025 17:42 - URL: https://react-redux-toolkit-opal.vercel.app - Status: 200
20-02-2025 17:42 - URL: https://m-meme-generator.netlify.app/ - Status: 200
20-02-2025 17:42 - URL: https://netfflix-clone.netlify.app/ - Status: 200
20-02-2025 17:42 - URL: https://m-dotcom.netlify.app/ - Status: 200
20-02-2025 17:42 - URL: https://m-iphone-calculator.netlify.app/ - Status: 200
20-02-2025 17:44 - URL: https://mubassim-khan.netlify.app - Status: 200
20-02-2025 17:44 - URL: https://mubassim.vercel.app - Status: 200
20-02-2025 17:44 - URL: https://grp-2.netlify.app/ - Status: 200
20-02-2025 17:44 - URL: https://quizmaster-ai.streamlit.app/ - Status: 200
20-02-2025 17:44 - URL: https://m-travel-journal.netlify.app/ - Status: 200
20-02-2025 17:44 - URL: https://m-carhub.vercel.app/ - Status: 200
20-02-2025 17:44 - URL: https://simulator-g15.streamlit.app/ - Status: 200
20-02-2025 17:44 - URL: https://lively-bombolone-b2ef09.netlify.app - Status: 200
20-02-2025 17:44 - URL: https://imaginify-ai-eight.vercel.app - Status: 200
20-02-2025 17:44 - URL: https://spotify-clone-gt.vercel.app/ - Status: 200
20-02-2025 17:44 - URL: https://m-business-card.netlify.app/ - Status: 200
20-02-2025 17:44 - URL: https://react-redux-toolkit-opal.vercel.app - Status: 200
20-02-2025 17:44 - URL: https://m-meme-generator.netlify.app/ - Status: 200
20-02-2025 17:44 - URL: https://netfflix-clone.netlify.app/ - Status: 200
20-02-2025 17:44 - URL: https://m-dotcom.netlify.app/ - Status: 200
20-02-2025 17:44 - URL: https://m-iphone-calculator.netlify.app/ - Status: 200
20-02-2025 17:47 - URL: https://mubassim-khan.netlify.app - Status: 200
20-02-2025 17:47 - URL: https://mubassim.vercel.app - Status: 200
20-02-2025 17:47 - URL: https://grp-2.netlify.app/ - Status: 200
20-02-2025 17:47 - URL: https://quizmaster-ai.streamlit.app/ - Status: 200
20-02-2025 17:47 - URL: https://m-travel-journal.netlify.app/ - Status: 200
20-02-2025 17:47 - URL: https://m-carhub.vercel.app/ - Status: 200
20-02-2025 17:47 - URL: https://simulator-g15.streamlit.app/ - Status: 200
20-02-2025 17:47 - URL: https://lively-bombolone-b2ef09.netlify.app - Status: 200
20-02-2025 17:47 - URL: https://imaginify-ai-eight.vercel.app - Status: 200
20-02-2025 17:47 - URL: https://spotify-clone-gt.vercel.app/ - Status: 200
20-02-2025 17:47 - URL: https://m-business-card.netlify.app/ - Status: 200
20-02-2025 17:47 - URL: https://react-redux-toolkit-opal.vercel.app - Status: 200
20-02-2025 17:47 - URL: https://m-meme-generator.netlify.app/ - Status: 200
20-02-2025 17:47 - URL: https://netfflix-clone.netlify.app/ - Status: 200
20-02-2025 17:47 - URL: https://m-dotcom.netlify.app/ - Status: 200
20-02-2025 17:47 - URL: https://m-iphone-calculator.netlify.app/ - Status: 200
20-02-2025 17:49 - URL: https://mubassim-khan.netlify.app - Status: 200
20-02-2025 17:49 - URL: https://mubassim.vercel.app - Status: 200
20-02-2025 17:49 - URL: https://grp-2.netlify.app/ - Status: 200
20-02-2025 17:49 - URL: https://quizmaster-ai.streamlit.app/ - Status: 200
20-02-2025 17:49 - URL: https://m-travel-journal.netlify.app/ - Status: 200
20-02-2025 17:49 - URL: https://m-carhub.vercel.app/ - Status: 200
20-02-2025 17:49 - URL: https://simulator-g15.streamlit.app/ - Status: 200
20-02-2025 17:49 - URL: https://lively-bombolone-b2ef09.netlify.app - Status: 200
20-02-2025 17:49 - URL: https://imaginify-ai-eight.vercel.app - Status: 200
20-02-2025 17:49 - URL: https://spotify-clone-gt.vercel.app/ - Status: 200
20-02-2025 17:49 - URL: https://m-business-card.netlify.app/ - Status: 200
20-02-2025 17:49 - URL: https://react-redux-toolkit-opal.vercel.app - Status: 200
20-02-2025 17:49 - URL: https://m-meme-generator.netlify.app/ - Status: 200
20-02-2025 17:49 - URL: https://netfflix-clone.netlify.app/ - Status: 200
20-02-2025 17:49 - URL: https://m-dotcom.netlify.app/ - Status: 200
20-02-2025 17:49 - URL: https://m-iphone-calculator.netlify.app/ - Status: 200
20-02-2025 17:51 - URL: https://mubassim-khan.netlify.app - Status: 200
20-02-2025 17:51 - URL: https://mubassim.vercel.app - Status: 200
20-02-2025 17:51 - URL: https://grp-2.netlify.app/ - Status: 200
20-02-2025 17:51 - URL: https://quizmaster-ai.streamlit.app/ - Status: 200
20-02-2025 17:51 - URL: https://m-travel-journal.netlify.app/ - Status: 200
20-02-2025 17:51 - URL: https://m-carhub.vercel.app/ - Status: 200
20-02-2025 17:51 - URL: https://simulator-g15.streamlit.app/ - Status: 200
20-02-2025 17:51 - URL: https://lively-bombolone-b2ef09.netlify.app - Status: 200
20-02-2025 17:51 - URL: https://imaginify-ai-eight.vercel.app - Status: 200
20-02-2025 17:51 - URL: https://spotify-clone-gt.vercel.app/ - Status: 200
20-02-2025 17:51 - URL: https://m-business-card.netlify.app/ - Status: 200
20-02-2025 17:51 - URL: https://react-redux-toolkit-opal.vercel.app - Status: 200
20-02-2025 17:51 - URL: https://m-meme-generator.netlify.app/ - Status: 200
20-02-2025 17:51 - URL: https://netfflix-clone.netlify.app/ - Status: 200
20-02-2025 17:51 - URL: https://m-dotcom.netlify.app/ - Status: 200
20-02-2025 17:51 - URL: https://m-iphone-calculator.netlify.app/ - Status: 200
20-02-2025 17:53 - URL: https://mubassim-khan.netlify.app - Status: 200
20-02-2025 17:53 - URL: https://mubassim.vercel.app - Status: 200
20-02-2025 17:53 - URL: https://grp-2.netlify.app/ - Status: 200
20-02-2025 17:53 - URL: https://quizmaster-ai.streamlit.app/ - Status: 200
20-02-2025 17:53 - URL: https://m-travel-journal.netlify.app/ - Status: 200
20-02-2025 17:53 - URL: https://m-carhub.vercel.app/ - Status: 200
20-02-2025 17:53 - URL: https://simulator-g15.streamlit.app/ - Status: 200
20-02-2025 17:53 - URL: https://lively-bombolone-b2ef09.netlify.app - Status: 200
20-02-2025 17:53 - URL: https://imaginify-ai-eight.vercel.app - Status: 200
20-02-2025 17:53 - URL: https://spotify-clone-gt.vercel.app/ - Status: 200
20-02-2025 17:53 - URL: https://m-business-card.netlify.app/ - Status: 200
20-02-2025 17:53 - URL: https://react-redux-toolkit-opal.vercel.app - Status: 200
20-02-2025 17:53 - URL: https://m-meme-generator.netlify.app/ - Status: 200
20-02-2025 17:53 - URL: https://netfflix-clone.netlify.app/ - Status: 200
20-02-2025 17:53 - URL: https://m-dotcom.netlify.app/ - Status: 200
20-02-2025 17:53 - URL: https://m-iphone-calculator.netlify.app/ - Status: 200
